<?xml version="1.0" encoding="UTF-8"?>
<robot generator="Robot 5.0 (Python 3.7.0 on win32)" generated="20220525 00:42:22.583" rpa="false" schemaversion="3">
<suite id="s1" name="demoProjects" source="D:\demoProjects">
<suite id="s1-s1" name="Testcases" source="D:\demoProjects\testcases">
<suite id="s1-s1-s1" name="GUI scripts" source="D:\demoProjects\testcases\GUI_scripts.robot">
<test id="s1-s1-s1-t1" name="app_login_01" line="11">
<kw name="Open Browser" library="SeleniumLibrary">
<arg>https://www.flipkart.com/</arg>
<arg>ff</arg>
<doc>Opens a new browser instance to the optional ``url``.</doc>
<msg timestamp="20220525 00:42:25.250" level="INFO">Opening browser 'ff' to base url 'https://www.flipkart.com/'.</msg>
<msg timestamp="20220525 00:42:25.250" level="INFO">Firefox driver log is always forced to to: D:\demoProjects\reports\20222505\geckodriver-1.log</msg>
<msg timestamp="20220525 00:42:28.353" level="INFO">Cannot capture screenshot because no browser is open.</msg>
<msg timestamp="20220525 00:42:28.353" level="FAIL">SessionNotCreatedException: Message: Expected browser binary location, but unable to find binary in default location, no 'moz:firefoxOptions.binary' capability provided, and no binary flag set on the command line
</msg>
<status status="FAIL" starttime="20220525 00:42:25.250" endtime="20220525 00:42:28.588"/>
</kw>
<kw name="Maximize Browser Window" library="SeleniumLibrary">
<doc>Maximizes current browser window.</doc>
<status status="NOT RUN" starttime="20220525 00:42:28.588" endtime="20220525 00:42:28.588"/>
</kw>
<kw name="Sleep" library="BuiltIn">
<arg>2</arg>
<doc>Pauses the test executed for the given time.</doc>
<status status="NOT RUN" starttime="20220525 00:42:28.599" endtime="20220525 00:42:28.599"/>
</kw>
<kw name="Input Text" library="SeleniumLibrary">
<arg>//* [@class='_2IX_2- VJZDxU']</arg>
<arg>${username_value}</arg>
<doc>Types the given ``text`` into the text field identified by ``locator``.</doc>
<status status="NOT RUN" starttime="20220525 00:42:28.599" endtime="20220525 00:42:28.599"/>
</kw>
<kw name="Sleep" library="BuiltIn">
<arg>2</arg>
<doc>Pauses the test executed for the given time.</doc>
<status status="NOT RUN" starttime="20220525 00:42:28.599" endtime="20220525 00:42:28.599"/>
</kw>
<kw name="Input Text" library="SeleniumLibrary">
<arg>//* [@type='password']</arg>
<arg>${password_value}</arg>
<doc>Types the given ``text`` into the text field identified by ``locator``.</doc>
<status status="NOT RUN" starttime="20220525 00:42:28.599" endtime="20220525 00:42:28.599"/>
</kw>
<kw name="Sleep" library="BuiltIn">
<arg>2</arg>
<doc>Pauses the test executed for the given time.</doc>
<status status="NOT RUN" starttime="20220525 00:42:28.599" endtime="20220525 00:42:28.599"/>
</kw>
<kw name="Click Element" library="SeleniumLibrary">
<arg>//* [@class='_2KpZ6l _2HKlqd _3AWRsL']</arg>
<doc>Click the element identified by ``locator``.</doc>
<status status="NOT RUN" starttime="20220525 00:42:28.599" endtime="20220525 00:42:28.599"/>
</kw>
<kw name="Sleep" library="BuiltIn">
<arg>2</arg>
<doc>Pauses the test executed for the given time.</doc>
<status status="NOT RUN" starttime="20220525 00:42:28.599" endtime="20220525 00:42:28.599"/>
</kw>
<kw name="Comment" library="BuiltIn">
<arg>Capture Page Screenshot</arg>
<doc>Displays the given messages in the log file as keyword arguments.</doc>
<status status="NOT RUN" starttime="20220525 00:42:28.599" endtime="20220525 00:42:28.599"/>
</kw>
<kw name="Get Text" library="SeleniumLibrary">
<var>${user_name}</var>
<arg>//*[@class='exehdJ']</arg>
<doc>Returns the text value of the element identified by ``locator``.</doc>
<status status="NOT RUN" starttime="20220525 00:42:28.599" endtime="20220525 00:42:28.599"/>
</kw>
<kw name="Log" library="BuiltIn">
<arg>${user_name}</arg>
<doc>Logs the given message with the given level.</doc>
<status status="NOT RUN" starttime="20220525 00:42:28.599" endtime="20220525 00:42:28.599"/>
</kw>
<kw name="Should Be Equal" library="BuiltIn">
<arg>${user_name}</arg>
<arg>Ranjan</arg>
<doc>Fails if the given objects are unequal.</doc>
<status status="NOT RUN" starttime="20220525 00:42:28.604" endtime="20220525 00:42:28.604"/>
</kw>
<kw name="Comment" library="BuiltIn">
<arg>Click Element</arg>
<arg>//* [@class='_2KpZ6l _2HKlqd _3AWRsL']4555</arg>
<doc>Displays the given messages in the log file as keyword arguments.</doc>
<status status="NOT RUN" starttime="20220525 00:42:28.604" endtime="20220525 00:42:28.604"/>
</kw>
<kw name="Close Browser" library="SeleniumLibrary" type="TEARDOWN">
<doc>Closes the current browser.</doc>
<status status="PASS" starttime="20220525 00:42:28.604" endtime="20220525 00:42:28.604"/>
</kw>
<tag>reg</tag>
<status status="FAIL" starttime="20220525 00:42:25.250" endtime="20220525 00:42:28.604">SessionNotCreatedException: Message: Expected browser binary location, but unable to find binary in default location, no 'moz:firefoxOptions.binary' capability provided, and no binary flag set on the command line
</status>
</test>
<status status="FAIL" starttime="20220525 00:42:24.262" endtime="20220525 00:42:28.604"/>
</suite>
<status status="FAIL" starttime="20220525 00:42:22.689" endtime="20220525 00:42:28.610"/>
</suite>
<status status="FAIL" starttime="20220525 00:42:22.647" endtime="20220525 00:42:28.610"/>
</suite>
<statistics>
<total>
<stat pass="0" fail="1" skip="0">All Tests</stat>
</total>
<tag>
<stat pass="0" fail="1" skip="0">reg</stat>
</tag>
<suite>
<stat pass="0" fail="1" skip="0" id="s1" name="demoProjects">demoProjects</stat>
<stat pass="0" fail="1" skip="0" id="s1-s1" name="Testcases">demoProjects.Testcases</stat>
<stat pass="0" fail="1" skip="0" id="s1-s1-s1" name="GUI scripts">demoProjects.Testcases.GUI scripts</stat>
</suite>
</statistics>
<errors>
</errors>
</robot>
