<?xml version="1.0" encoding="UTF-8"?>
<robot generator="Robot 5.0 (Python 3.7.0 on win32)" generated="20220429 08:10:06.826" rpa="false" schemaversion="3">
<suite id="s1" name="demoProjects" source="D:\demoProjects">
<suite id="s1-s1" name="Testcases" source="D:\demoProjects\testcases">
<suite id="s1-s1-s1" name="GUI scripts" source="D:\demoProjects\testcases\GUI_scripts.robot">
<test id="s1-s1-s1-t1" name="app_radio_button_example" line="31">
<kw name="Open Browser" library="SeleniumLibrary">
<arg>https://www.functionize.com/h/test-automation?utm_source=google&amp;utm_medium=paid%20search&amp;utm_campaign=automated%20web%20testing&amp;gclid=CjwKCAjw9qiTBhBbEiwAp-GE0SWDDqMwxZ9iMu-SZdx_WMVvbLRVG3rpzSqRJllTBCoz_5Hvw3mMexoCgcoQAvD_BwE</arg>
<arg>gc</arg>
<doc>Opens a new browser instance to the optional ``url``.</doc>
<msg timestamp="20220429 08:10:07.559" level="INFO">Opening browser 'gc' to base url 'https://www.functionize.com/h/test-automation?utm_source=google&amp;utm_medium=paid%20search&amp;utm_campaign=automated%20web%20testing&amp;gclid=CjwKCAjw9qiTBhBbEiwAp-GE0SWDDqMwxZ9iMu-SZdx_WMVvbLRVG3rpzSqRJllTBCoz_5Hvw3mMexoCgcoQAvD_BwE'.</msg>
<status status="PASS" starttime="20220429 08:10:07.559" endtime="20220429 08:10:12.065"/>
</kw>
<kw name="Maximize Browser Window" library="SeleniumLibrary">
<doc>Maximizes current browser window.</doc>
<status status="PASS" starttime="20220429 08:10:12.065" endtime="20220429 08:10:12.189"/>
</kw>
<kw name="Input Text" library="SeleniumLibrary">
<arg>//*[@name='firstname']</arg>
<arg>Ranjan</arg>
<doc>Types the given ``text`` into the text field identified by ``locator``.</doc>
<msg timestamp="20220429 08:10:12.197" level="INFO">Typing text 'Ranjan' into text field '//*[@name='firstname']'.</msg>
<status status="PASS" starttime="20220429 08:10:12.197" endtime="20220429 08:10:12.397"/>
</kw>
<kw name="Input Text" library="SeleniumLibrary">
<arg>//*[@name='lastname']</arg>
<arg>Shrivastava</arg>
<doc>Types the given ``text`` into the text field identified by ``locator``.</doc>
<msg timestamp="20220429 08:10:12.397" level="INFO">Typing text 'Shrivastava' into text field '//*[@name='lastname']'.</msg>
<status status="PASS" starttime="20220429 08:10:12.397" endtime="20220429 08:10:12.566"/>
</kw>
<kw name="Input Text" library="SeleniumLibrary">
<arg>//*[@name='email']</arg>
<arg>r@gmail.com</arg>
<doc>Types the given ``text`` into the text field identified by ``locator``.</doc>
<msg timestamp="20220429 08:10:12.566" level="INFO">Typing text 'r@gmail.com' into text field '//*[@name='email']'.</msg>
<status status="PASS" starttime="20220429 08:10:12.566" endtime="20220429 08:10:12.711"/>
</kw>
<kw name="Input Text" library="SeleniumLibrary">
<arg>//*[@name='phone']</arg>
<arg>9738308627</arg>
<doc>Types the given ``text`` into the text field identified by ``locator``.</doc>
<msg timestamp="20220429 08:10:12.711" level="INFO">Typing text '9738308627' into text field '//*[@name='phone']'.</msg>
<status status="PASS" starttime="20220429 08:10:12.711" endtime="20220429 08:10:12.903"/>
</kw>
<kw name="Input Text" library="SeleniumLibrary">
<arg>//*[@name='company']</arg>
<arg>xyz technologies</arg>
<doc>Types the given ``text`` into the text field identified by ``locator``.</doc>
<msg timestamp="20220429 08:10:12.903" level="INFO">Typing text 'xyz technologies' into text field '//*[@name='company']'.</msg>
<status status="PASS" starttime="20220429 08:10:12.903" endtime="20220429 08:10:13.103"/>
</kw>
<kw name="Select From List By Value" library="SeleniumLibrary">
<arg>//*[@name='job_role']</arg>
<arg>QA Analyst</arg>
<doc>Selects options from selection list ``locator`` by ``values``.</doc>
<msg timestamp="20220429 08:10:13.103" level="INFO">Selecting options from selection list '//*[@name='job_role']' by value QA Analyst.</msg>
<msg timestamp="20220429 08:10:13.423" level="INFO" html="true">&lt;/td&gt;&lt;/tr&gt;&lt;tr&gt;&lt;td colspan="3"&gt;&lt;a href="selenium-screenshot-1.png"&gt;&lt;img src="selenium-screenshot-1.png" width="800px"&gt;&lt;/a&gt;</msg>
<msg timestamp="20220429 08:10:13.423" level="FAIL">NoSuchElementException: Message: Cannot locate option with value: QA Analyst
</msg>
<status status="FAIL" starttime="20220429 08:10:13.103" endtime="20220429 08:10:13.439"/>
</kw>
<kw name="Select From List By Value" library="SeleniumLibrary">
<arg>//*[@name='total_size_of_test_suite']</arg>
<arg>0-500</arg>
<doc>Selects options from selection list ``locator`` by ``values``.</doc>
<status status="NOT RUN" starttime="20220429 08:10:13.439" endtime="20220429 08:10:13.439"/>
</kw>
<kw name="Select From List By Value" library="SeleniumLibrary">
<arg>//*[@name='any_upcoming_projects_that_require_test_automation_']</arg>
<arg>Move to cloud</arg>
<doc>Selects options from selection list ``locator`` by ``values``.</doc>
<status status="NOT RUN" starttime="20220429 08:10:13.439" endtime="20220429 08:10:13.439"/>
</kw>
<kw name="Select Radio Button" library="SeleniumLibrary">
<arg>//*[@id="i_m_interested_in_learning_more_about0-46e27199-313a-4a78-bd72-b85b29dd0158"]</arg>
<arg>Digital Experience Monitoring with AI</arg>
<doc>Sets the radio button group ``group_name`` to ``value``.</doc>
<status status="NOT RUN" starttime="20220429 08:10:13.439" endtime="20220429 08:10:13.439"/>
</kw>
<kw name="Select Radio Button" library="SeleniumLibrary">
<arg>//*[@id="i_m_interested_in_learning_more_about1-46e27199-313a-4a78-bd72-b85b29dd0158"]</arg>
<arg>Enterprise Packaged App Testing with AI (Salesforce, Workday, SAP)</arg>
<doc>Sets the radio button group ``group_name`` to ``value``.</doc>
<status status="NOT RUN" starttime="20220429 08:10:13.439" endtime="20220429 08:10:13.439"/>
</kw>
<status status="FAIL" starttime="20220429 08:10:07.559" endtime="20220429 08:10:13.439">NoSuchElementException: Message: Cannot locate option with value: QA Analyst
</status>
</test>
<status status="FAIL" starttime="20220429 08:10:07.544" endtime="20220429 08:10:13.439"/>
</suite>
<status status="FAIL" starttime="20220429 08:10:06.950" endtime="20220429 08:10:13.439"/>
</suite>
<status status="FAIL" starttime="20220429 08:10:06.888" endtime="20220429 08:10:13.447"/>
</suite>
<statistics>
<total>
<stat pass="0" fail="1" skip="0">All Tests</stat>
</total>
<tag>
</tag>
<suite>
<stat pass="0" fail="1" skip="0" id="s1" name="demoProjects">demoProjects</stat>
<stat pass="0" fail="1" skip="0" id="s1-s1" name="Testcases">demoProjects.Testcases</stat>
<stat pass="0" fail="1" skip="0" id="s1-s1-s1" name="GUI scripts">demoProjects.Testcases.GUI scripts</stat>
</suite>
</statistics>
<errors>
</errors>
</robot>
