<?xml version="1.0" encoding="UTF-8"?>
<robot generator="Robot 5.0 (Python 3.7.0 on win32)" generated="20220429 11:22:37.775" rpa="false" schemaversion="3">
<suite id="s1" name="demoProjects" source="D:\demoProjects">
<suite id="s1-s1" name="Testcases" source="D:\demoProjects\testcases">
<suite id="s1-s1-s1" name="GUI scripts" source="D:\demoProjects\testcases\GUI_scripts.robot">
<test id="s1-s1-s1-t1" name="app_switch_new_tab" line="71">
<kw name="Open Browser" library="SeleniumLibrary">
<arg>https://demoqa.com/browser-windows</arg>
<arg>gc</arg>
<doc>Opens a new browser instance to the optional ``url``.</doc>
<msg timestamp="20220429 11:22:38.385" level="INFO">Opening browser 'gc' to base url 'https://demoqa.com/browser-windows'.</msg>
<status status="PASS" starttime="20220429 11:22:38.369" endtime="20220429 11:22:40.853"/>
</kw>
<kw name="Click Element" library="SeleniumLibrary">
<arg>//button[@id='tabButton']</arg>
<doc>Click the element identified by ``locator``.</doc>
<msg timestamp="20220429 11:22:40.861" level="INFO">Clicking element '//button[@id='tabButton']'.</msg>
<msg timestamp="20220429 11:22:40.869" level="WARN">Keyword 'Capture Page Screenshot' could not be run on failure: Message: no such window: target window already closed
from unknown error: web view not found
  (Session info: chrome=100.0.4896.127)
Stacktrace:
Backtrace:
	Ordinal0 [0x00EA7413+2389011]
	Ordinal0 [0x00E39F61+1941345]
	Ordinal0 [0x00D2C658+837208]
	Ordinal0 [0x00D14480+738432]
	Ordinal0 [0x00D76999+1141145]
	Ordinal0 [0x00D83AA2+1194658]
	Ordinal0 [0x00D73F66+1130342]
	Ordinal0 [0x00D4E546+976198]
	Ordinal0 [0x00D4F456+980054]
	GetHandleVerifier [0x01059632+1727522]
	GetHandleVerifier [0x0110BA4D+2457661]
	GetHandleVerifier [0x00F3EB81+569713]
	GetHandleVerifier [0x00F3DD76+566118]
	Ordinal0 [0x00E40B2B+1968939]
	Ordinal0 [0x00E45988+1989000]
	Ordinal0 [0x00E45A75+1989237]
	Ordinal0 [0x00E4ECB1+2026673]
	BaseThreadInitThunk [0x75826739+25]
	RtlGetFullPathName_UEx [0x772B8E7F+1215]
	RtlGetFullPathName_UEx [0x772B8E4D+1165]
</msg>
<msg timestamp="20220429 11:22:40.869" level="FAIL">NoSuchWindowException: Message: no such window: target window already closed
from unknown error: web view not found
  (Session info: chrome=100.0.4896.127)
Stacktrace:
Backtrace:
	Ordinal0 [0x00EA7413+2389011]
	Ordinal0 [0x00E39F61+1941345]
	Ordinal0 [0x00D2C658+837208]
	Ordinal0 [0x00D14480+738432]
	Ordinal0 [0x00D76999+1141145]
	Ordinal0 [0x00D83AA2+1194658]
	Ordinal0 [0x00D73F66+1130342]
	Ordinal0 [0x00D4E546+976198]
	Ordinal0 [0x00D4F456+980054]
	GetHandleVerifier [0x01059632+1727522]
	GetHandleVerifier [0x0110BA4D+2457661]
	GetHandleVerifier [0x00F3EB81+569713]
	GetHandleVerifier [0x00F3DD76+566118]
	Ordinal0 [0x00E40B2B+1968939]
	Ordinal0 [0x00E45988+1989000]
	Ordinal0 [0x00E45A75+1989237]
	Ordinal0 [0x00E4ECB1+2026673]
	BaseThreadInitThunk [0x75826739+25]
	RtlGetFullPathName_UEx [0x772B8E7F+1215]
	RtlGetFullPathName_UEx [0x772B8E4D+1165]
</msg>
<status status="FAIL" starttime="20220429 11:22:40.853" endtime="20220429 11:22:40.917"/>
</kw>
<kw name="Get Window Titles" library="SeleniumLibrary">
<var>${main_window_titles}</var>
<doc>Returns and logs titles of all windows of the selected browser.</doc>
<status status="NOT RUN" starttime="20220429 11:22:40.917" endtime="20220429 11:22:40.917"/>
</kw>
<kw name="Log" library="BuiltIn">
<arg>${main_window_titles[0]}</arg>
<doc>Logs the given message with the given level.</doc>
<status status="NOT RUN" starttime="20220429 11:22:40.917" endtime="20220429 11:22:40.917"/>
</kw>
<kw name="Comment" library="BuiltIn">
<arg>${b_ids}</arg>
<arg>Get Browser Ids</arg>
<doc>Displays the given messages in the log file as keyword arguments.</doc>
<status status="NOT RUN" starttime="20220429 11:22:40.917" endtime="20220429 11:22:40.917"/>
</kw>
<kw name="Comment" library="BuiltIn">
<arg>log</arg>
<arg>@{b_ids}[0]</arg>
<doc>Displays the given messages in the log file as keyword arguments.</doc>
<status status="NOT RUN" starttime="20220429 11:22:40.917" endtime="20220429 11:22:40.917"/>
</kw>
<kw name="Switch Browser" library="SeleniumLibrary">
<arg>${main_window_titles[1]}</arg>
<doc>Switches between active browsers using ``index_or_alias``.</doc>
<status status="NOT RUN" starttime="20220429 11:22:40.917" endtime="20220429 11:22:40.917"/>
</kw>
<kw name="Comment" library="BuiltIn">
<arg>${sample_text}</arg>
<arg>Get Text</arg>
<arg>//h1[@id="sampleHeading"]</arg>
<doc>Displays the given messages in the log file as keyword arguments.</doc>
<status status="NOT RUN" starttime="20220429 11:22:40.917" endtime="20220429 11:22:40.917"/>
</kw>
<kw name="Comment" library="BuiltIn">
<arg>log</arg>
<arg>${sample_text}</arg>
<doc>Displays the given messages in the log file as keyword arguments.</doc>
<status status="NOT RUN" starttime="20220429 11:22:40.917" endtime="20220429 11:22:40.917"/>
</kw>
<status status="FAIL" starttime="20220429 11:22:38.369" endtime="20220429 11:22:40.917">NoSuchWindowException: Message: no such window: target window already closed
from unknown error: web view not found
  (Session info: chrome=100.0.4896.127)
Stacktrace:
Backtrace:
	Ordinal0 [0x00EA7413+2389011]
	Ordinal0 [0x00E39F61+1941345]
	Ordinal0 [0x00D2C658+837208]
	Ordinal0 [0x00D14480+738432]
	Ordinal0 [0x00D76999+1141145]
	Ordinal0 [0x00D83AA2+1194658]
	Ordinal0 [0x00D73F66+1130342]
	Ordinal0 [0x00D4E546+976198]
	Ordinal0 [0x00D4F456+980054]
	GetHandleVerifier [0x01059632+1727522]
	GetHandleVerifier [0x0110BA4D+2457661]
	GetHandleVerifier [0x00F3EB81+569713]
	GetHandleVerifier [0x00F3DD76+566118]
	Ordinal0 [0x00E40B2B+1968939]
	Ordinal0 [0x00E45988+1989000]
	Ordinal0 [0x00E45A75+1989237]
	Ordinal0 [0x00E4ECB1+2026673]
	BaseThreadInitThunk [0x75826739+25]
	RtlGetFullPathName_UEx [0x772B8E7F+1215]
	RtlGetFullPathName_UEx [0x772B8E4D+1165]
</status>
</test>
<status status="FAIL" starttime="20220429 11:22:38.354" endtime="20220429 11:22:40.925"/>
</suite>
<status status="FAIL" starttime="20220429 11:22:37.869" endtime="20220429 11:22:40.925"/>
</suite>
<status status="FAIL" starttime="20220429 11:22:37.833" endtime="20220429 11:22:40.925"/>
</suite>
<statistics>
<total>
<stat pass="0" fail="1" skip="0">All Tests</stat>
</total>
<tag>
</tag>
<suite>
<stat pass="0" fail="1" skip="0" id="s1" name="demoProjects">demoProjects</stat>
<stat pass="0" fail="1" skip="0" id="s1-s1" name="Testcases">demoProjects.Testcases</stat>
<stat pass="0" fail="1" skip="0" id="s1-s1-s1" name="GUI scripts">demoProjects.Testcases.GUI scripts</stat>
</suite>
</statistics>
<errors>
<msg timestamp="20220429 11:22:40.869" level="WARN">Keyword 'Capture Page Screenshot' could not be run on failure: Message: no such window: target window already closed
from unknown error: web view not found
  (Session info: chrome=100.0.4896.127)
Stacktrace:
Backtrace:
	Ordinal0 [0x00EA7413+2389011]
	Ordinal0 [0x00E39F61+1941345]
	Ordinal0 [0x00D2C658+837208]
	Ordinal0 [0x00D14480+738432]
	Ordinal0 [0x00D76999+1141145]
	Ordinal0 [0x00D83AA2+1194658]
	Ordinal0 [0x00D73F66+1130342]
	Ordinal0 [0x00D4E546+976198]
	Ordinal0 [0x00D4F456+980054]
	GetHandleVerifier [0x01059632+1727522]
	GetHandleVerifier [0x0110BA4D+2457661]
	GetHandleVerifier [0x00F3EB81+569713]
	GetHandleVerifier [0x00F3DD76+566118]
	Ordinal0 [0x00E40B2B+1968939]
	Ordinal0 [0x00E45988+1989000]
	Ordinal0 [0x00E45A75+1989237]
	Ordinal0 [0x00E4ECB1+2026673]
	BaseThreadInitThunk [0x75826739+25]
	RtlGetFullPathName_UEx [0x772B8E7F+1215]
	RtlGetFullPathName_UEx [0x772B8E4D+1165]
</msg>
</errors>
</robot>
