<?xml version="1.0" encoding="UTF-8"?>
<robot generator="Robot 5.0 (Python 3.7.0 on win32)" generated="20220501 01:37:42.238" rpa="false" schemaversion="3">
<suite id="s1" name="demoProjects" source="D:\demoProjects">
<suite id="s1-s1" name="Testcases" source="D:\demoProjects\testcases">
<suite id="s1-s1-s1" name="GUI scripts" source="D:\demoProjects\testcases\GUI_scripts.robot">
<test id="s1-s1-s1-t1" name="app_alert" line="140">
<kw name="Open Browser" library="SeleniumLibrary">
<arg>https://demoqa.com/alerts</arg>
<arg>gc</arg>
<arg>alias=first_window</arg>
<doc>Opens a new browser instance to the optional ``url``.</doc>
<msg timestamp="20220501 01:37:42.820" level="INFO">Opening browser 'gc' to base url 'https://demoqa.com/alerts'.</msg>
<status status="PASS" starttime="20220501 01:37:42.820" endtime="20220501 01:38:05.280"/>
</kw>
<kw name="Maximize Browser Window" library="SeleniumLibrary">
<doc>Maximizes current browser window.</doc>
<status status="PASS" starttime="20220501 01:38:05.280" endtime="20220501 01:38:05.424"/>
</kw>
<kw name="Click Element" library="SeleniumLibrary">
<arg>//button[@id='alertButton']</arg>
<doc>Click the element identified by ``locator``.</doc>
<msg timestamp="20220501 01:38:05.424" level="INFO">Clicking element '//button[@id='alertButton']'.</msg>
<status status="PASS" starttime="20220501 01:38:05.424" endtime="20220501 01:38:05.526"/>
</kw>
<kw name="Sleep" library="BuiltIn">
<arg>2</arg>
<doc>Pauses the test executed for the given time.</doc>
<msg timestamp="20220501 01:38:07.537" level="INFO">Slept 2 seconds</msg>
<status status="PASS" starttime="20220501 01:38:05.526" endtime="20220501 01:38:07.537"/>
</kw>
<kw name="Handle Alert" library="SeleniumLibrary">
<arg>ACCEPT</arg>
<doc>Handles the current alert and returns its message.</doc>
<msg timestamp="20220501 01:38:07.537" level="INFO">HANDLE::&lt;class 'NoneType'&gt;::None</msg>
<status status="PASS" starttime="20220501 01:38:07.537" endtime="20220501 01:38:07.545"/>
</kw>
<kw name="Comment" library="BuiltIn">
<arg>Click Element</arg>
<arg>//button[@id="timerAlertButton"]</arg>
<doc>Displays the given messages in the log file as keyword arguments.</doc>
<status status="PASS" starttime="20220501 01:38:07.545" endtime="20220501 01:38:07.545"/>
</kw>
<kw name="Comment" library="BuiltIn">
<arg>sleep</arg>
<arg>7</arg>
<doc>Displays the given messages in the log file as keyword arguments.</doc>
<status status="PASS" starttime="20220501 01:38:07.545" endtime="20220501 01:38:07.545"/>
</kw>
<kw name="Comment" library="BuiltIn">
<arg>Handle Alert</arg>
<arg>accept</arg>
<doc>Displays the given messages in the log file as keyword arguments.</doc>
<status status="PASS" starttime="20220501 01:38:07.545" endtime="20220501 01:38:07.545"/>
</kw>
<kw name="Click Element" library="SeleniumLibrary">
<arg>//button[@id="confirmButton"]</arg>
<doc>Click the element identified by ``locator``.</doc>
<msg timestamp="20220501 01:38:07.553" level="INFO">Clicking element '//button[@id="confirmButton"]'.</msg>
<status status="PASS" starttime="20220501 01:38:07.553" endtime="20220501 01:38:07.646"/>
</kw>
<kw name="Sleep" library="BuiltIn">
<arg>2</arg>
<doc>Pauses the test executed for the given time.</doc>
<msg timestamp="20220501 01:38:09.648" level="INFO">Slept 2 seconds</msg>
<status status="PASS" starttime="20220501 01:38:07.646" endtime="20220501 01:38:09.648"/>
</kw>
<kw name="Handle Alert" library="SeleniumLibrary">
<arg>DISMISS</arg>
<doc>Handles the current alert and returns its message.</doc>
<msg timestamp="20220501 01:38:09.648" level="INFO">HANDLE::&lt;class 'NoneType'&gt;::None</msg>
<status status="PASS" starttime="20220501 01:38:09.648" endtime="20220501 01:38:09.656"/>
</kw>
<kw name="Click Element" library="SeleniumLibrary">
<arg>//button[@id="promtButton"]</arg>
<doc>Click the element identified by ``locator``.</doc>
<msg timestamp="20220501 01:38:09.656" level="INFO">Clicking element '//button[@id="promtButton"]'.</msg>
<status status="PASS" starttime="20220501 01:38:09.656" endtime="20220501 01:38:09.804"/>
</kw>
<kw name="Sleep" library="BuiltIn">
<arg>2</arg>
<doc>Pauses the test executed for the given time.</doc>
<msg timestamp="20220501 01:38:11.805" level="INFO">Slept 2 seconds</msg>
<status status="PASS" starttime="20220501 01:38:09.804" endtime="20220501 01:38:11.805"/>
</kw>
<kw name="Input Text Into Alert" library="SeleniumLibrary">
<arg>Hello</arg>
<doc>Types the given ``text`` into an input field in an alert.</doc>
<msg timestamp="20220501 01:38:20.765" level="WARN">Keyword 'Capture Page Screenshot' could not be run on failure: Message: no such window: target window already closed
from unknown error: web view not found
  (Session info: chrome=100.0.4896.127)
Stacktrace:
Backtrace:
	Ordinal0 [0x01037413+2389011]
	Ordinal0 [0x00FC9F61+1941345]
	Ordinal0 [0x00EBC658+837208]
	Ordinal0 [0x00EA4480+738432]
	Ordinal0 [0x00F06999+1141145]
	Ordinal0 [0x00F13AA2+1194658]
	Ordinal0 [0x00F03F66+1130342]
	Ordinal0 [0x00EDE546+976198]
	Ordinal0 [0x00EDF456+980054]
	GetHandleVerifier [0x011E9632+1727522]
	GetHandleVerifier [0x0129BA4D+2457661]
	GetHandleVerifier [0x010CEB81+569713]
	GetHandleVerifier [0x010CDD76+566118]
	Ordinal0 [0x00FD0B2B+1968939]
	Ordinal0 [0x00FD5988+1989000]
	Ordinal0 [0x00FD5A75+1989237]
	Ordinal0 [0x00FDECB1+2026673]
	BaseThreadInitThunk [0x76E26739+25]
	RtlGetFullPathName_UEx [0x77D78E7F+1215]
	RtlGetFullPathName_UEx [0x77D78E4D+1165]
</msg>
<msg timestamp="20220501 01:38:20.773" level="FAIL">NoSuchWindowException: Message: no such window: target window already closed
from unknown error: web view not found
  (Session info: chrome=100.0.4896.127)
Stacktrace:
Backtrace:
	Ordinal0 [0x01037413+2389011]
	Ordinal0 [0x00FC9F61+1941345]
	Ordinal0 [0x00EBC658+837208]
	Ordinal0 [0x00EA4480+738432]
	Ordinal0 [0x00F06999+1141145]
	Ordinal0 [0x00ECCBD1+904145]
	Ordinal0 [0x00F03F66+1130342]
	Ordinal0 [0x00EDE546+976198]
	Ordinal0 [0x00EDF456+980054]
	GetHandleVerifier [0x011E9632+1727522]
	GetHandleVerifier [0x0129BA4D+2457661]
	GetHandleVerifier [0x010CEB81+569713]
	GetHandleVerifier [0x010CDD76+566118]
	Ordinal0 [0x00FD0B2B+1968939]
	Ordinal0 [0x00FD5988+1989000]
	Ordinal0 [0x00FD5A75+1989237]
	Ordinal0 [0x00FDECB1+2026673]
	BaseThreadInitThunk [0x76E26739+25]
	RtlGetFullPathName_UEx [0x77D78E7F+1215]
	RtlGetFullPathName_UEx [0x77D78E4D+1165]
</msg>
<status status="FAIL" starttime="20220501 01:38:11.805" endtime="20220501 01:38:20.805"/>
</kw>
<kw name="Handle Alert" library="SeleniumLibrary">
<arg>ACCEPT</arg>
<doc>Handles the current alert and returns its message.</doc>
<status status="NOT RUN" starttime="20220501 01:38:20.805" endtime="20220501 01:38:20.813"/>
</kw>
<kw name="Close Browser" library="SeleniumLibrary" type="TEARDOWN">
<doc>Closes the current browser.</doc>
<status status="PASS" starttime="20220501 01:38:20.813" endtime="20220501 01:38:23.019"/>
</kw>
<status status="FAIL" starttime="20220501 01:37:42.820" endtime="20220501 01:38:23.019">NoSuchWindowException: Message: no such window: target window already closed
from unknown error: web view not found
  (Session info: chrome=100.0.4896.127)
Stacktrace:
Backtrace:
	Ordinal0 [0x01037413+2389011]
	Ordinal0 [0x00FC9F61+1941345]
	Ordinal0 [0x00EBC658+837208]
	Ordinal0 [0x00EA4480+738432]
	Ordinal0 [0x00F06999+1141145]
	Ordinal0 [0x00ECCBD1+904145]
	Ordinal0 [0x00F03F66+1130342]
	Ordinal0 [0x00EDE546+976198]
	Ordinal0 [0x00EDF456+980054]
	GetHandleVerifier [0x011E9632+1727522]
	GetHandleVerifier [0x0129BA4D+2457661]
	GetHandleVerifier [0x010CEB81+569713]
	GetHandleVerifier [0x010CDD76+566118]
	Ordinal0 [0x00FD0B2B+1968939]
	Ordinal0 [0x00FD5988+1989000]
	Ordinal0 [0x00FD5A75+1989237]
	Ordinal0 [0x00FDECB1+2026673]
	BaseThreadInitThunk [0x76E26739+25]
	RtlGetFullPathName_UEx [0x77D78E7F+1215]
	RtlGetFullPathName_UEx [0x77D78E4D+1165]
</status>
</test>
<status status="FAIL" starttime="20220501 01:37:42.804" endtime="20220501 01:38:23.019"/>
</suite>
<status status="FAIL" starttime="20220501 01:37:42.333" endtime="20220501 01:38:23.019"/>
</suite>
<status status="FAIL" starttime="20220501 01:37:42.286" endtime="20220501 01:38:23.019"/>
</suite>
<statistics>
<total>
<stat pass="0" fail="1" skip="0">All Tests</stat>
</total>
<tag>
</tag>
<suite>
<stat pass="0" fail="1" skip="0" id="s1" name="demoProjects">demoProjects</stat>
<stat pass="0" fail="1" skip="0" id="s1-s1" name="Testcases">demoProjects.Testcases</stat>
<stat pass="0" fail="1" skip="0" id="s1-s1-s1" name="GUI scripts">demoProjects.Testcases.GUI scripts</stat>
</suite>
</statistics>
<errors>
<msg timestamp="20220501 01:38:20.765" level="WARN">Keyword 'Capture Page Screenshot' could not be run on failure: Message: no such window: target window already closed
from unknown error: web view not found
  (Session info: chrome=100.0.4896.127)
Stacktrace:
Backtrace:
	Ordinal0 [0x01037413+2389011]
	Ordinal0 [0x00FC9F61+1941345]
	Ordinal0 [0x00EBC658+837208]
	Ordinal0 [0x00EA4480+738432]
	Ordinal0 [0x00F06999+1141145]
	Ordinal0 [0x00F13AA2+1194658]
	Ordinal0 [0x00F03F66+1130342]
	Ordinal0 [0x00EDE546+976198]
	Ordinal0 [0x00EDF456+980054]
	GetHandleVerifier [0x011E9632+1727522]
	GetHandleVerifier [0x0129BA4D+2457661]
	GetHandleVerifier [0x010CEB81+569713]
	GetHandleVerifier [0x010CDD76+566118]
	Ordinal0 [0x00FD0B2B+1968939]
	Ordinal0 [0x00FD5988+1989000]
	Ordinal0 [0x00FD5A75+1989237]
	Ordinal0 [0x00FDECB1+2026673]
	BaseThreadInitThunk [0x76E26739+25]
	RtlGetFullPathName_UEx [0x77D78E7F+1215]
	RtlGetFullPathName_UEx [0x77D78E4D+1165]
</msg>
</errors>
</robot>
